[2023-04-16 23:01:19] main.ERROR: Parameter validation failed
#0 /var/www/demo.mageelite.com/vendor/symfony/console/Command/Command.php(221): Magento\Setup\Console\Command\InstallCommand->initialize()
#1 /var/www/demo.mageelite.com/vendor/symfony/console/Application.php(1021): Symfony\Component\Console\Command\Command->run()
#2 /var/www/demo.mageelite.com/vendor/symfony/console/Application.php(275): Symfony\Component\Console\Application->doRunCommand()
#3 /var/www/demo.mageelite.com/vendor/magento/framework/Console/Cli.php(115): Symfony\Component\Console\Application->doRun()
#4 /var/www/demo.mageelite.com/vendor/symfony/console/Application.php(149): Magento\Framework\Console\Cli->doRun()
#5 /var/www/demo.mageelite.com/bin/magento(23): Symfony\Component\Console\Application->run()
#6 {main} [] []
[2023-04-16 23:01:23] main.ERROR: Parameter validation failed
#0 /var/www/demo.mageelite.com/vendor/symfony/console/Command/Command.php(221): Magento\Setup\Console\Command\InstallCommand->initialize()
#1 /var/www/demo.mageelite.com/vendor/symfony/console/Application.php(1021): Symfony\Component\Console\Command\Command->run()
#2 /var/www/demo.mageelite.com/vendor/symfony/console/Application.php(275): Symfony\Component\Console\Application->doRunCommand()
#3 /var/www/demo.mageelite.com/vendor/magento/framework/Console/Cli.php(115): Symfony\Component\Console\Application->doRun()
#4 /var/www/demo.mageelite.com/vendor/symfony/console/Application.php(149): Magento\Framework\Console\Cli->doRun()
#5 /var/www/demo.mageelite.com/bin/magento(23): Symfony\Component\Console\Application->run()
#6 {main} [] []
[2023-04-16 23:01:43] main.ERROR: Parameter validation failed
#0 /var/www/demo.mageelite.com/vendor/symfony/console/Command/Command.php(221): Magento\Setup\Console\Command\InstallCommand->initialize()
#1 /var/www/demo.mageelite.com/vendor/symfony/console/Application.php(1021): Symfony\Component\Console\Command\Command->run()
#2 /var/www/demo.mageelite.com/vendor/symfony/console/Application.php(275): Symfony\Component\Console\Application->doRunCommand()
#3 /var/www/demo.mageelite.com/vendor/magento/framework/Console/Cli.php(115): Symfony\Component\Console\Application->doRun()
#4 /var/www/demo.mageelite.com/vendor/symfony/console/Application.php(149): Magento\Framework\Console\Cli->doRun()
#5 /var/www/demo.mageelite.com/bin/magento(23): Symfony\Component\Console\Application->run()
#6 {main} [] []
[2023-04-16 23:02:36] main.ERROR: Parameter validation failed
#0 /var/www/demo.mageelite.com/vendor/symfony/console/Command/Command.php(221): Magento\Setup\Console\Command\InstallCommand->initialize()
#1 /var/www/demo.mageelite.com/vendor/symfony/console/Application.php(1021): Symfony\Component\Console\Command\Command->run()
#2 /var/www/demo.mageelite.com/vendor/symfony/console/Application.php(275): Symfony\Component\Console\Application->doRunCommand()
#3 /var/www/demo.mageelite.com/vendor/magento/framework/Console/Cli.php(115): Symfony\Component\Console\Application->doRun()
#4 /var/www/demo.mageelite.com/vendor/symfony/console/Application.php(149): Magento\Framework\Console\Cli->doRun()
#5 /var/www/demo.mageelite.com/bin/magento(23): Symfony\Component\Console\Application->run()
#6 {main} [] []
[2023-04-16 23:06:16] main.DEBUG: cache_invalidate:  {"method":"GET","url":"http:/","invalidateInfo":{"tags":["CONFIG"],"mode":"matchingTag"}} []
[2023-04-16 23:06:16] main.DEBUG: cache_invalidate:  {"method":"GET","url":"http:/","invalidateInfo":{"tags":["LAYOUT_GENERAL_CACHE_TAG"],"mode":"matchingTag"}} []
[2023-04-16 23:06:16] main.DEBUG: cache_invalidate:  {"method":"GET","url":"http:/","invalidateInfo":{"tags":["BLOCK_HTML"],"mode":"matchingTag"}} []
[2023-04-16 23:06:16] main.DEBUG: cache_invalidate:  {"method":"GET","url":"http:/","invalidateInfo":{"tags":["COLLECTION_DATA"],"mode":"matchingTag"}} []
[2023-04-16 23:06:16] main.DEBUG: cache_invalidate:  {"method":"GET","url":"http:/","invalidateInfo":{"tags":["REFLECTION"],"mode":"matchingTag"}} []
[2023-04-16 23:06:16] main.DEBUG: cache_invalidate:  {"method":"GET","url":"http:/","invalidateInfo":{"tags":["DB_DDL"],"mode":"matchingTag"}} []
[2023-04-16 23:06:16] main.DEBUG: cache_invalidate:  {"method":"GET","url":"http:/","invalidateInfo":{"tags":["COMPILED_CONFIG"],"mode":"matchingTag"}} []
[2023-04-16 23:06:16] main.DEBUG: cache_invalidate:  {"method":"GET","url":"http:/","invalidateInfo":{"tags":["EAV"],"mode":"matchingTag"}} []
[2023-04-16 23:06:16] main.DEBUG: cache_invalidate:  {"method":"GET","url":"http:/","invalidateInfo":{"tags":["CUSTOMER_NOTIFICATION"],"mode":"matchingTag"}} []
[2023-04-16 23:06:16] main.DEBUG: cache_invalidate:  {"method":"GET","url":"http:/","invalidateInfo":{"tags":["INTEGRATION"],"mode":"matchingTag"}} []
[2023-04-16 23:06:16] main.DEBUG: cache_invalidate:  {"method":"GET","url":"http:/","invalidateInfo":{"tags":["INTEGRATION_API_CONFIG"],"mode":"matchingTag"}} []
[2023-04-16 23:06:16] main.DEBUG: cache_invalidate:  {"method":"GET","url":"http:/","invalidateInfo":{"tags":["FPC"],"mode":"matchingTag"}} []
[2023-04-16 23:06:16] main.DEBUG: cache_invalidate:  {"method":"GET","url":"http:/","invalidateInfo":{"tags":["WEBSERVICE"],"mode":"matchingTag"}} []
[2023-04-16 23:06:16] main.DEBUG: cache_invalidate:  {"method":"GET","url":"http:/","invalidateInfo":{"tags":["TRANSLATE"],"mode":"matchingTag"}} []
[2023-04-16 23:06:16] main.DEBUG: cache_invalidate:  {"method":"GET","url":"http:/","invalidateInfo":{"tags":["VERTEX"],"mode":"matchingTag"}} []
[2023-04-16 23:06:19] main.DEBUG: cache_invalidate:  {"method":"GET","url":"http:/","invalidateInfo":{"tags":["BACKEND_MAINMENU"],"mode":"matchingTag"}} []
[2023-04-16 23:06:19] main.DEBUG: cache_invalidate:  {"method":"GET","url":"http:/","invalidateInfo":{"tags":["user_assigned_role"],"mode":"matchingAnyTag"}} []
[2023-04-16 23:06:19] main.DEBUG: cache_invalidate:  {"method":"GET","url":"http:/","invalidateInfo":{"tags":["EAV"],"mode":"matchingAnyTag"}} []
[2023-04-16 23:06:19] main.DEBUG: cache_invalidate:  {"method":"GET","url":"http:/","invalidateInfo":{"tags":["EAV","EAV_ATTRIBUTE"],"mode":"matchingAnyTag"}} []
[2023-04-16 23:06:19] main.DEBUG: cache_invalidate:  {"method":"GET","url":"http:/","invalidateInfo":{"tags":["EAV","EAV_ATTRIBUTE"],"mode":"matchingAnyTag"}} []
[2023-04-16 23:06:19] main.DEBUG: cache_invalidate:  {"method":"GET","url":"http:/","invalidateInfo":{"tags":["EAV","EAV_ATTRIBUTE"],"mode":"matchingAnyTag"}} []
[2023-04-16 23:06:19] main.DEBUG: cache_invalidate:  {"method":"GET","url":"http:/","invalidateInfo":{"tags":["EAV_ATTRIBUTE"],"mode":"matchingAnyTag"}} []
[2023-04-16 23:06:20] main.DEBUG: cache_invalidate:  {"method":"GET","url":"http:/","invalidateInfo":{"tags":["EAV","EAV_ATTRIBUTE"],"mode":"matchingAnyTag"}} []
[2023-04-16 23:06:20] main.DEBUG: cache_invalidate:  {"method":"GET","url":"http:/","invalidateInfo":{"tags":["EAV","EAV_ATTRIBUTE"],"mode":"matchingAnyTag"}} []
[2023-04-16 23:06:20] main.DEBUG: cache_invalidate:  {"method":"GET","url":"http:/","invalidateInfo":{"tags":["EAV","EAV_ATTRIBUTE"],"mode":"matchingAnyTag"}} []
[2023-04-16 23:06:20] main.DEBUG: cache_invalidate:  {"method":"GET","url":"http:/","invalidateInfo":{"tags":["EAV_ATTRIBUTE"],"mode":"matchingAnyTag"}} []
[2023-04-16 23:06:20] main.DEBUG: cache_invalidate:  {"method":"GET","url":"http:/","invalidateInfo":{"tags":["EAV","EAV_ATTRIBUTE"],"mode":"matchingAnyTag"}} []
[2023-04-16 23:06:20] main.DEBUG: cache_invalidate:  {"method":"GET","url":"http:/","invalidateInfo":{"tags":["EAV","EAV_ATTRIBUTE"],"mode":"matchingAnyTag"}} []
[2023-04-16 23:06:20] main.DEBUG: cache_invalidate:  {"method":"GET","url":"http:/","invalidateInfo":{"tags":["EAV","EAV_ATTRIBUTE"],"mode":"matchingAnyTag"}} []
[2023-04-16 23:06:20] main.DEBUG: cache_invalidate:  {"method":"GET","url":"http:/","invalidateInfo":{"tags":["EAV_ATTRIBUTE"],"mode":"matchingAnyTag"}} []
[2023-04-16 23:06:20] main.DEBUG: cache_invalidate:  {"method":"GET","url":"http:/","invalidateInfo":{"tags":["EAV","EAV_ATTRIBUTE"],"mode":"matchingAnyTag"}} []
[2023-04-16 23:06:20] main.DEBUG: cache_invalidate:  {"method":"GET","url":"http:/","invalidateInfo":{"tags":["EAV","EAV_ATTRIBUTE"],"mode":"matchingAnyTag"}} []
[2023-04-16 23:06:20] main.DEBUG: cache_invalidate:  {"method":"GET","url":"http:/","invalidateInfo":{"tags":["EAV","EAV_ATTRIBUTE"],"mode":"matchingAnyTag"}} []
[2023-04-16 23:06:20] main.DEBUG: cache_invalidate:  {"method":"GET","url":"http:/","invalidateInfo":{"tags":["EAV_ATTRIBUTE"],"mode":"matchingAnyTag"}} []
[2023-04-16 23:06:20] main.DEBUG: cache_invalidate:  {"method":"GET","url":"http:/","invalidateInfo":{"tags":["EAV","EAV_ATTRIBUTE"],"mode":"matchingAnyTag"}} []
[2023-04-16 23:06:20] main.DEBUG: cache_invalidate:  {"method":"GET","url":"http:/","invalidateInfo":{"tags":["EAV","EAV_ATTRIBUTE"],"mode":"matchingAnyTag"}} []
[2023-04-16 23:06:20] main.DEBUG: cache_invalidate:  {"method":"GET","url":"http:/","invalidateInfo":{"tags":["EAV","EAV_ATTRIBUTE"],"mode":"matchingAnyTag"}} []
[2023-04-16 23:06:20] main.DEBUG: cache_invalidate:  {"method":"GET","url":"http:/","invalidateInfo":{"tags":["EAV_ATTRIBUTE"],"mode":"matchingAnyTag"}} []
[2023-04-16 23:06:20] main.DEBUG: cache_invalidate:  {"method":"GET","url":"http:/","invalidateInfo":{"tags":["EAV","EAV_ATTRIBUTE"],"mode":"matchingAnyTag"}} []
[2023-04-16 23:06:20] main.DEBUG: cache_invalidate:  {"method":"GET","url":"http:/","invalidateInfo":{"tags":["EAV","EAV_ATTRIBUTE"],"mode":"matchingAnyTag"}} []
[2023-04-16 23:06:20] main.DEBUG: cache_invalidate:  {"method":"GET","url":"http:/","invalidateInfo":{"tags":["EAV","EAV_ATTRIBUTE"],"mode":"matchingAnyTag"}} []
[2023-04-16 23:06:20] main.DEBUG: cache_invalidate:  {"method":"GET","url":"http:/","invalidateInfo":{"tags":["EAV_ATTRIBUTE"],"mode":"matchingAnyTag"}} []
[2023-04-16 23:06:20] main.DEBUG: cache_invalidate:  {"method":"GET","url":"http:/","invalidateInfo":{"tags":["EAV","EAV_ATTRIBUTE"],"mode":"matchingAnyTag"}} []
[2023-04-16 23:06:20] main.DEBUG: cache_invalidate:  {"method":"GET","url":"http:/","invalidateInfo":{"tags":["EAV","EAV_ATTRIBUTE"],"mode":"matchingAnyTag"}} []
[2023-04-16 23:06:20] main.DEBUG: cache_invalidate:  {"method":"GET","url":"http:/","invalidateInfo":{"tags":["EAV","EAV_ATTRIBUTE"],"mode":"matchingAnyTag"}} []
[2023-04-16 23:06:20] main.DEBUG: cache_invalidate:  {"method":"GET","url":"http:/","invalidateInfo":{"tags":["EAV_ATTRIBUTE"],"mode":"matchingAnyTag"}} []
[2023-04-16 23:06:20] main.DEBUG: cache_invalidate:  {"method":"GET","url":"http:/","invalidateInfo":{"tags":["EAV","EAV_ATTRIBUTE"],"mode":"matchingAnyTag"}} []
[2023-04-16 23:06:20] main.DEBUG: cache_invalidate:  {"method":"GET","url":"http:/","invalidateInfo":{"tags":["EAV","EAV_ATTRIBUTE"],"mode":"matchingAnyTag"}} []
[2023-04-16 23:06:20] main.DEBUG: cache_invalidate:  {"method":"GET","url":"http:/","invalidateInfo":{"tags":["EAV","EAV_ATTRIBUTE"],"mode":"matchingAnyTag"}} []
[2023-04-16 23:06:20] main.DEBUG: cache_invalidate:  {"method":"GET","url":"http:/","invalidateInfo":{"tags":["EAV_ATTRIBUTE"],"mode":"matchingAnyTag"}} []
[2023-04-16 23:06:20] main.DEBUG: cache_invalidate:  {"method":"GET","url":"http:/","invalidateInfo":{"tags":["EAV","EAV_ATTRIBUTE"],"mode":"matchingAnyTag"}} []
[2023-04-16 23:06:20] main.DEBUG: cache_invalidate:  {"method":"GET","url":"http:/","invalidateInfo":{"tags":["EAV","EAV_ATTRIBUTE"],"mode":"matchingAnyTag"}} []
[2023-04-16 23:06:20] main.DEBUG: cache_invalidate:  {"method":"GET","url":"http:/","invalidateInfo":{"tags":["EAV","EAV_ATTRIBUTE"],"mode":"matchingAnyTag"}} []
[2023-04-16 23:06:20] main.DEBUG: cache_invalidate:  {"method":"GET","url":"http:/","invalidateInfo":{"tags":["EAV_ATTRIBUTE"],"mode":"matchingAnyTag"}} []
[2023-04-16 23:06:20] main.DEBUG: cache_invalidate:  {"method":"GET","url":"http:/","invalidateInfo":{"tags":["EAV","EAV_ATTRIBUTE"],"mode":"matchingAnyTag"}} []
[2023-04-16 23:06:20] main.DEBUG: cache_invalidate:  {"method":"GET","url":"http:/","invalidateInfo":{"tags":["EAV","EAV_ATTRIBUTE"],"mode":"matchingAnyTag"}} []
[2023-04-16 23:06:20] main.DEBUG: cache_invalidate:  {"method":"GET","url":"http:/","invalidateInfo":{"tags":["EAV","EAV_ATTRIBUTE"],"mode":"matchingAnyTag"}} []
[2023-04-16 23:06:20] main.DEBUG: cache_invalidate:  {"method":"GET","url":"http:/","invalidateInfo":{"tags":["EAV_ATTRIBUTE"],"mode":"matchingAnyTag"}} []
[2023-04-16 23:06:20] main.DEBUG: cache_invalidate:  {"method":"GET","url":"http:/","invalidateInfo":{"tags":["EAV","EAV_ATTRIBUTE"],"mode":"matchingAnyTag"}} []
[2023-04-16 23:06:20] main.DEBUG: cache_invalidate:  {"method":"GET","url":"http:/","invalidateInfo":{"tags":["EAV","EAV_ATTRIBUTE"],"mode":"matchingAnyTag"}} []
[2023-04-16 23:06:20] main.DEBUG: cache_invalidate:  {"method":"GET","url":"http:/","invalidateInfo":{"tags":["EAV","EAV_ATTRIBUTE"],"mode":"matchingAnyTag"}} []
[2023-04-16 23:06:20] main.DEBUG: cache_invalidate:  {"method":"GET","url":"http:/","invalidateInfo":{"tags":["EAV_ATTRIBUTE"],"mode":"matchingAnyTag"}} []
[2023-04-16 23:06:20] main.DEBUG: cache_invalidate:  {"method":"GET","url":"http:/","invalidateInfo":{"tags":["EAV","EAV_ATTRIBUTE"],"mode":"matchingAnyTag"}} []
[2023-04-16 23:06:20] main.DEBUG: cache_invalidate:  {"method":"GET","url":"http:/","invalidateInfo":{"tags":["EAV","EAV_ATTRIBUTE"],"mode":"matchingAnyTag"}} []
[2023-04-16 23:06:20] main.DEBUG: cache_invalidate:  {"method":"GET","url":"http:/","invalidateInfo":{"tags":["EAV","EAV_ATTRIBUTE"],"mode":"matchingAnyTag"}} []
[2023-04-16 23:06:20] main.DEBUG: cache_invalidate:  {"method":"GET","url":"http:/","invalidateInfo":{"tags":["EAV_ATTRIBUTE"],"mode":"matchingAnyTag"}} []
[2023-04-16 23:06:20] main.DEBUG: cache_invalidate:  {"method":"GET","url":"http:/","invalidateInfo":{"tags":["EAV","EAV_ATTRIBUTE"],"mode":"matchingAnyTag"}} []
[2023-04-16 23:06:20] main.DEBUG: cache_invalidate:  {"method":"GET","url":"http:/","invalidateInfo":{"tags":["EAV","EAV_ATTRIBUTE"],"mode":"matchingAnyTag"}} []
[2023-04-16 23:06:20] main.DEBUG: cache_invalidate:  {"method":"GET","url":"http:/","invalidateInfo":{"tags":["EAV","EAV_ATTRIBUTE"],"mode":"matchingAnyTag"}} []
[2023-04-16 23:06:20] main.DEBUG: cache_invalidate:  {"method":"GET","url":"http:/","invalidateInfo":{"tags":["EAV_ATTRIBUTE"],"mode":"matchingAnyTag"}} []
[2023-04-16 23:06:20] main.DEBUG: cache_invalidate:  {"method":"GET","url":"http:/","invalidateInfo":{"tags":["EAV","EAV_ATTRIBUTE"],"mode":"matchingAnyTag"}} []
[2023-04-16 23:06:20] main.DEBUG: cache_invalidate:  {"method":"GET","url":"http:/","invalidateInfo":{"tags":["EAV","EAV_ATTRIBUTE"],"mode":"matchingAnyTag"}} []
[2023-04-16 23:06:20] main.DEBUG: cache_invalidate:  {"method":"GET","url":"http:/","invalidateInfo":{"tags":["EAV","EAV_ATTRIBUTE"],"mode":"matchingAnyTag"}} []
[2023-04-16 23:06:20] main.DEBUG: cache_invalidate:  {"method":"GET","url":"http:/","invalidateInfo":{"tags":["EAV_ATTRIBUTE"],"mode":"matchingAnyTag"}} []
[2023-04-16 23:06:20] main.DEBUG: cache_invalidate:  {"method":"GET","url":"http:/","invalidateInfo":{"tags":["EAV","EAV_ATTRIBUTE"],"mode":"matchingAnyTag"}} []
[2023-04-16 23:06:20] main.DEBUG: cache_invalidate:  {"method":"GET","url":"http:/","invalidateInfo":{"tags":["EAV","EAV_ATTRIBUTE"],"mode":"matchingAnyTag"}} []
[2023-04-16 23:06:20] main.DEBUG: cache_invalidate:  {"method":"GET","url":"http:/","invalidateInfo":{"tags":["EAV","EAV_ATTRIBUTE"],"mode":"matchingAnyTag"}} []
[2023-04-16 23:06:20] main.DEBUG: cache_invalidate:  {"method":"GET","url":"http:/","invalidateInfo":{"tags":["EAV_ATTRIBUTE"],"mode":"matchingAnyTag"}} []
[2023-04-16 23:06:20] main.DEBUG: cache_invalidate:  {"method":"GET","url":"http:/","invalidateInfo":{"tags":["EAV","EAV_ATTRIBUTE"],"mode":"matchingAnyTag"}} []
[2023-04-16 23:06:20] main.DEBUG: cache_invalidate:  {"method":"GET","url":"http:/","invalidateInfo":{"tags":["EAV","EAV_ATTRIBUTE"],"mode":"matchingAnyTag"}} []
[2023-04-16 23:06:20] main.DEBUG: cache_invalidate:  {"method":"GET","url":"http:/","invalidateInfo":{"tags":["EAV","EAV_ATTRIBUTE"],"mode":"matchingAnyTag"}} []
[2023-04-16 23:06:20] main.DEBUG: cache_invalidate:  {"method":"GET","url":"http:/","invalidateInfo":{"tags":["EAV_ATTRIBUTE"],"mode":"matchingAnyTag"}} []
[2023-04-16 23:06:20] main.DEBUG: cache_invalidate:  {"method":"GET","url":"http:/","invalidateInfo":{"tags":["EAV","EAV_ATTRIBUTE"],"mode":"matchingAnyTag"}} []
[2023-04-16 23:06:20] main.DEBUG: cache_invalidate:  {"method":"GET","url":"http:/","invalidateInfo":{"tags":["EAV","EAV_ATTRIBUTE"],"mode":"matchingAnyTag"}} []
[2023-04-16 23:06:20] main.DEBUG: cache_invalidate:  {"method":"GET","url":"http:/","invalidateInfo":{"tags":["EAV","EAV_ATTRIBUTE"],"mode":"matchingAnyTag"}} []
[2023-04-16 23:06:20] main.DEBUG: cache_invalidate:  {"method":"GET","url":"http:/","invalidateInfo":{"tags":["EAV_ATTRIBUTE"],"mode":"matchingAnyTag"}} []
[2023-04-16 23:06:20] main.DEBUG: cache_invalidate:  {"method":"GET","url":"http:/","invalidateInfo":{"tags":["EAV","EAV_ATTRIBUTE"],"mode":"matchingAnyTag"}} []
[2023-04-16 23:06:20] main.DEBUG: cache_invalidate:  {"method":"GET","url":"http:/","invalidateInfo":{"tags":["EAV","EAV_ATTRIBUTE"],"mode":"matchingAnyTag"}} []
[2023-04-16 23:06:20] main.DEBUG: cache_invalidate:  {"method":"GET","url":"http:/","invalidateInfo":{"tags":["EAV","EAV_ATTRIBUTE"],"mode":"matchingAnyTag"}} []
[2023-04-16 23:06:20] main.DEBUG: cache_invalidate:  {"method":"GET","url":"http:/","invalidateInfo":{"tags":["EAV_ATTRIBUTE"],"mode":"matchingAnyTag"}} []
[2023-04-16 23:06:20] main.DEBUG: cache_invalidate:  {"method":"GET","url":"http:/","invalidateInfo":{"tags":["EAV","EAV_ATTRIBUTE"],"mode":"matchingAnyTag"}} []
[2023-04-16 23:06:20] main.DEBUG: cache_invalidate:  {"method":"GET","url":"http:/","invalidateInfo":{"tags":["EAV","EAV_ATTRIBUTE"],"mode":"matchingAnyTag"}} []
[2023-04-16 23:06:20] main.DEBUG: cache_invalidate:  {"method":"GET","url":"http:/","invalidateInfo":{"tags":["EAV","EAV_ATTRIBUTE"],"mode":"matchingAnyTag"}} []
[2023-04-16 23:06:20] main.DEBUG: cache_invalidate:  {"method":"GET","url":"http:/","invalidateInfo":{"tags":["EAV_ATTRIBUTE"],"mode":"matchingAnyTag"}} []
[2023-04-16 23:06:20] main.DEBUG: cache_invalidate:  {"method":"GET","url":"http:/","invalidateInfo":{"tags":["EAV","EAV_ATTRIBUTE"],"mode":"matchingAnyTag"}} []
[2023-04-16 23:06:20] main.DEBUG: cache_invalidate:  {"method":"GET","url":"http:/","invalidateInfo":{"tags":["EAV","EAV_ATTRIBUTE"],"mode":"matchingAnyTag"}} []
[2023-04-16 23:06:20] main.DEBUG: cache_invalidate:  {"method":"GET","url":"http:/","invalidateInfo":{"tags":["EAV","EAV_ATTRIBUTE"],"mode":"matchingAnyTag"}} []
[2023-04-16 23:06:20] main.DEBUG: cache_invalidate:  {"method":"GET","url":"http:/","invalidateInfo":{"tags":["EAV_ATTRIBUTE"],"mode":"matchingAnyTag"}} []
[2023-04-16 23:06:20] main.DEBUG: cache_invalidate:  {"method":"GET","url":"http:/","invalidateInfo":{"tags":["EAV","EAV_ATTRIBUTE"],"mode":"matchingAnyTag"}} []
[2023-04-16 23:06:20] main.DEBUG: cache_invalidate:  {"method":"GET","url":"http:/","invalidateInfo":{"tags":["EAV","EAV_ATTRIBUTE"],"mode":"matchingAnyTag"}} []
[2023-04-16 23:06:20] main.DEBUG: cache_invalidate:  {"method":"GET","url":"http:/","invalidateInfo":{"tags":["EAV","EAV_ATTRIBUTE"],"mode":"matchingAnyTag"}} []
[2023-04-16 23:06:20] main.DEBUG: cache_invalidate:  {"method":"GET","url":"http:/","invalidateInfo":{"tags":["EAV_ATTRIBUTE"],"mode":"matchingAnyTag"}} []
[2023-04-16 23:06:20] main.DEBUG: cache_invalidate:  {"method":"GET","url":"http:/","invalidateInfo":{"tags":["EAV","EAV_ATTRIBUTE"],"mode":"matchingAnyTag"}} []
[2023-04-16 23:06:20] main.DEBUG: cache_invalidate:  {"method":"GET","url":"http:/","invalidateInfo":{"tags":["EAV","EAV_ATTRIBUTE"],"mode":"matchingAnyTag"}} []
[2023-04-16 23:06:20] main.DEBUG: cache_invalidate:  {"method":"GET","url":"http:/","invalidateInfo":{"tags":["EAV","EAV_ATTRIBUTE"],"mode":"matchingAnyTag"}} []
[2023-04-16 23:06:20] main.DEBUG: cache_invalidate:  {"method":"GET","url":"http:/","invalidateInfo":{"tags":["EAV_ATTRIBUTE"],"mode":"matchingAnyTag"}} []
[2023-04-16 23:06:20] main.DEBUG: cache_invalidate:  {"method":"GET","url":"http:/","invalidateInfo":{"tags":["EAV","EAV_ATTRIBUTE"],"mode":"matchingAnyTag"}} []
[2023-04-16 23:06:20] main.DEBUG: cache_invalidate:  {"method":"GET","url":"http:/","invalidateInfo":{"tags":["EAV","EAV_ATTRIBUTE"],"mode":"matchingAnyTag"}} []
[2023-04-16 23:06:20] main.DEBUG: cache_invalidate:  {"method":"GET","url":"http:/","invalidateInfo":{"tags":["EAV","EAV_ATTRIBUTE"],"mode":"matchingAnyTag"}} []
[2023-04-16 23:06:20] main.DEBUG: cache_invalidate:  {"method":"GET","url":"http:/","invalidateInfo":{"tags":["EAV_ATTRIBUTE"],"mode":"matchingAnyTag"}} []
[2023-04-16 23:06:20] main.DEBUG: cache_invalidate:  {"method":"GET","url":"http:/","invalidateInfo":{"tags":["EAV","EAV_ATTRIBUTE"],"mode":"matchingAnyTag"}} []
[2023-04-16 23:06:20] main.DEBUG: cache_invalidate:  {"method":"GET","url":"http:/","invalidateInfo":{"tags":["EAV","EAV_ATTRIBUTE"],"mode":"matchingAnyTag"}} []
[2023-04-16 23:06:20] main.DEBUG: cache_invalidate:  {"method":"GET","url":"http:/","invalidateInfo":{"tags":["EAV","EAV_ATTRIBUTE"],"mode":"matchingAnyTag"}} []
[2023-04-16 23:06:20] main.DEBUG: cache_invalidate:  {"method":"GET","url":"http:/","invalidateInfo":{"tags":["EAV_ATTRIBUTE"],"mode":"matchingAnyTag"}} []
[2023-04-16 23:06:20] main.DEBUG: cache_invalidate:  {"method":"GET","url":"http:/","invalidateInfo":{"tags":["EAV","EAV_ATTRIBUTE"],"mode":"matchingAnyTag"}} []
[2023-04-16 23:06:20] main.DEBUG: cache_invalidate:  {"method":"GET","url":"http:/","invalidateInfo":{"tags":["EAV","EAV_ATTRIBUTE"],"mode":"matchingAnyTag"}} []
[2023-04-16 23:06:20] main.DEBUG: cache_invalidate:  {"method":"GET","url":"http:/","invalidateInfo":{"tags":["EAV","EAV_ATTRIBUTE"],"mode":"matchingAnyTag"}} []
[2023-04-16 23:06:20] main.DEBUG: cache_invalidate:  {"method":"GET","url":"http:/","invalidateInfo":{"tags":["EAV_ATTRIBUTE"],"mode":"matchingAnyTag"}} []
[2023-04-16 23:06:20] main.DEBUG: cache_invalidate:  {"method":"GET","url":"http:/","invalidateInfo":{"tags":["EAV","EAV_ATTRIBUTE"],"mode":"matchingAnyTag"}} []
[2023-04-16 23:06:20] main.DEBUG: cache_invalidate:  {"method":"GET","url":"http:/","invalidateInfo":{"tags":["EAV","EAV_ATTRIBUTE"],"mode":"matchingAnyTag"}} []
[2023-04-16 23:06:20] main.DEBUG: cache_invalidate:  {"method":"GET","url":"http:/","invalidateInfo":{"tags":["EAV","EAV_ATTRIBUTE"],"mode":"matchingAnyTag"}} []
[2023-04-16 23:06:20] main.DEBUG: cache_invalidate:  {"method":"GET","url":"http:/","invalidateInfo":{"tags":["EAV_ATTRIBUTE"],"mode":"matchingAnyTag"}} []
[2023-04-16 23:06:20] main.DEBUG: cache_invalidate:  {"method":"GET","url":"http:/","invalidateInfo":{"tags":["EAV","EAV_ATTRIBUTE"],"mode":"matchingAnyTag"}} []
[2023-04-16 23:06:20] main.DEBUG: cache_invalidate:  {"method":"GET","url":"http:/","invalidateInfo":{"tags":["EAV","EAV_ATTRIBUTE"],"mode":"matchingAnyTag"}} []
[2023-04-16 23:06:20] main.DEBUG: cache_invalidate:  {"method":"GET","url":"http:/","invalidateInfo":{"tags":["EAV","EAV_ATTRIBUTE"],"mode":"matchingAnyTag"}} []
[2023-04-16 23:06:20] main.DEBUG: cache_invalidate:  {"method":"GET","url":"http:/","invalidateInfo":{"tags":["EAV_ATTRIBUTE"],"mode":"matchingAnyTag"}} []
[2023-04-16 23:06:20] main.DEBUG: cache_invalidate:  {"method":"GET","url":"http:/","invalidateInfo":{"tags":["EAV","EAV_ATTRIBUTE"],"mode":"matchingAnyTag"}} []
[2023-04-16 23:06:20] main.DEBUG: cache_invalidate:  {"method":"GET","url":"http:/","invalidateInfo":{"tags":["EAV","EAV_ATTRIBUTE"],"mode":"matchingAnyTag"}} []
[2023-04-16 23:06:20] main.DEBUG: cache_invalidate:  {"method":"GET","url":"http:/","invalidateInfo":{"tags":["EAV","EAV_ATTRIBUTE"],"mode":"matchingAnyTag"}} []
[2023-04-16 23:06:20] main.DEBUG: cache_invalidate:  {"method":"GET","url":"http:/","invalidateInfo":{"tags":["EAV_ATTRIBUTE"],"mode":"matchingAnyTag"}} []
[2023-04-16 23:06:20] main.DEBUG: cache_invalidate:  {"method":"GET","url":"http:/","invalidateInfo":{"tags":["EAV","EAV_ATTRIBUTE"],"mode":"matchingAnyTag"}} []
[2023-04-16 23:06:20] main.DEBUG: cache_invalidate:  {"method":"GET","url":"http:/","invalidateInfo":{"tags":["EAV","EAV_ATTRIBUTE"],"mode":"matchingAnyTag"}} []
[2023-04-16 23:06:20] main.DEBUG: cache_invalidate:  {"method":"GET","url":"http:/","invalidateInfo":{"tags":["EAV","EAV_ATTRIBUTE"],"mode":"matchingAnyTag"}} []
[2023-04-16 23:06:20] main.DEBUG: cache_invalidate:  {"method":"GET","url":"http:/","invalidateInfo":{"tags":["EAV_ATTRIBUTE"],"mode":"matchingAnyTag"}} []
[2023-04-16 23:06:20] main.DEBUG: cache_invalidate:  {"method":"GET","url":"http:/","invalidateInfo":{"tags":["EAV","EAV_ATTRIBUTE"],"mode":"matchingAnyTag"}} []
[2023-04-16 23:06:20] main.DEBUG: cache_invalidate:  {"method":"GET","url":"http:/","invalidateInfo":{"tags":["EAV","EAV_ATTRIBUTE"],"mode":"matchingAnyTag"}} []
[2023-04-16 23:06:20] main.DEBUG: cache_invalidate:  {"method":"GET","url":"http:/","invalidateInfo":{"tags":["EAV","EAV_ATTRIBUTE"],"mode":"matchingAnyTag"}} []
[2023-04-16 23:06:20] main.DEBUG: cache_invalidate:  {"method":"GET","url":"http:/","invalidateInfo":{"tags":["EAV_ATTRIBUTE"],"mode":"matchingAnyTag"}} []
[2023-04-16 23:06:20] main.DEBUG: cache_invalidate:  {"method":"GET","url":"http:/","invalidateInfo":{"tags":["EAV","EAV_ATTRIBUTE"],"mode":"matchingAnyTag"}} []
[2023-04-16 23:06:20] main.DEBUG: cache_invalidate:  {"method":"GET","url":"http:/","invalidateInfo":{"tags":["EAV","EAV_ATTRIBUTE"],"mode":"matchingAnyTag"}} []
[2023-04-16 23:06:20] main.DEBUG: cache_invalidate:  {"method":"GET","url":"http:/","invalidateInfo":{"tags":["EAV","EAV_ATTRIBUTE"],"mode":"matchingAnyTag"}} []
[2023-04-16 23:06:20] main.DEBUG: cache_invalidate:  {"method":"GET","url":"http:/","invalidateInfo":{"tags":["EAV_ATTRIBUTE"],"mode":"matchingAnyTag"}} []
[2023-04-16 23:06:20] main.DEBUG: cache_invalidate:  {"method":"GET","url":"http:/","invalidateInfo":{"tags":["EAV","EAV_ATTRIBUTE"],"mode":"matchingAnyTag"}} []
[2023-04-16 23:06:20] main.DEBUG: cache_invalidate:  {"method":"GET","url":"http:/","invalidateInfo":{"tags":["EAV","EAV_ATTRIBUTE"],"mode":"matchingAnyTag"}} []
[2023-04-16 23:06:20] main.DEBUG: cache_invalidate:  {"method":"GET","url":"http:/","invalidateInfo":{"tags":["EAV","EAV_ATTRIBUTE"],"mode":"matchingAnyTag"}} []
[2023-04-16 23:06:20] main.DEBUG: cache_invalidate:  {"method":"GET","url":"http:/","invalidateInfo":{"tags":["EAV_ATTRIBUTE"],"mode":"matchingAnyTag"}} []
[2023-04-16 23:06:20] main.DEBUG: cache_invalidate:  {"method":"GET","url":"http:/","invalidateInfo":{"tags":["EAV","EAV_ATTRIBUTE"],"mode":"matchingAnyTag"}} []
[2023-04-16 23:06:20] main.DEBUG: cache_invalidate:  {"method":"GET","url":"http:/","invalidateInfo":{"tags":["EAV","EAV_ATTRIBUTE"],"mode":"matchingAnyTag"}} []
[2023-04-16 23:06:20] main.DEBUG: cache_invalidate:  {"method":"GET","url":"http:/","invalidateInfo":{"tags":["EAV","EAV_ATTRIBUTE"],"mode":"matchingAnyTag"}} []
[2023-04-16 23:06:20] main.DEBUG: cache_invalidate:  {"method":"GET","url":"http:/","invalidateInfo":{"tags":["EAV_ATTRIBUTE"],"mode":"matchingAnyTag"}} []
[2023-04-16 23:06:20] main.DEBUG: cache_invalidate:  {"method":"GET","url":"http:/","invalidateInfo":{"tags":["EAV","EAV_ATTRIBUTE"],"mode":"matchingAnyTag"}} []
[2023-04-16 23:06:20] main.DEBUG: cache_invalidate:  {"method":"GET","url":"http:/","invalidateInfo":{"tags":["EAV","EAV_ATTRIBUTE"],"mode":"matchingAnyTag"}} []
[2023-04-16 23:06:20] main.DEBUG: cache_invalidate:  {"method":"GET","url":"http:/","invalidateInfo":{"tags":["EAV","EAV_ATTRIBUTE"],"mode":"matchingAnyTag"}} []
[2023-04-16 23:06:20] main.DEBUG: cache_invalidate:  {"method":"GET","url":"http:/","invalidateInfo":{"tags":["EAV_ATTRIBUTE"],"mode":"matchingAnyTag"}} []
[2023-04-16 23:06:20] main.DEBUG: cache_invalidate:  {"method":"GET","url":"http:/","invalidateInfo":{"tags":["cms_p"],"mode":"matchingAnyTag"}} []
[2023-04-16 23:06:20] main.DEBUG: cache_invalidate:  {"method":"GET","url":"http:/","invalidateInfo":{"tags":["cms_p"],"mode":"matchingAnyTag"}} []
[2023-04-16 23:06:21] main.DEBUG: cache_invalidate:  {"method":"GET","url":"http:/","invalidateInfo":{"tags":["cms_p"],"mode":"matchingAnyTag"}} []
[2023-04-16 23:06:21] main.DEBUG: cache_invalidate:  {"method":"GET","url":"http:/","invalidateInfo":{"tags":["cms_p"],"mode":"matchingAnyTag"}} []
[2023-04-16 23:06:21] main.DEBUG: cache_invalidate:  {"method":"GET","url":"http:/","invalidateInfo":{"tags":["cms_p"],"mode":"matchingAnyTag"}} []
[2023-04-16 23:06:21] main.DEBUG: cache_invalidate:  {"method":"GET","url":"http:/","invalidateInfo":{"tags":["EAV"],"mode":"matchingAnyTag"}} []
[2023-04-16 23:06:22] main.DEBUG: cache_invalidate:  {"method":"GET","url":"http:/","invalidateInfo":{"tags":["cat_c_1","cat_c_p_1","cat_c"],"mode":"matchingAnyTag"}} []
[2023-04-16 23:06:22] main.DEBUG: cache_invalidate:  {"method":"GET","url":"http:/","invalidateInfo":{"tags":["cat_c_1","cat_c","cat_c_p_1"],"mode":"matchingAnyTag"}} []
[2023-04-16 23:06:22] main.DEBUG: cache_invalidate:  {"method":"GET","url":"http:/","invalidateInfo":{"tags":{"0":"cat_c_2","1":"cat_c_p_2","2":"cat_c_p_1","4":"cat_c"},"mode":"matchingAnyTag"}} []
[2023-04-16 23:06:22] main.DEBUG: cache_invalidate:  {"method":"GET","url":"http:/","invalidateInfo":{"tags":["cat_c_2","cat_c_p_1","cat_c_p_2","cat_c"],"mode":"matchingAnyTag"}} []
[2023-04-16 23:06:22] main.DEBUG: cache_invalidate:  {"method":"GET","url":"http:/","invalidateInfo":{"tags":["cat_c_1","cat_c_2"],"mode":"matchingAnyTag"}} []
[2023-04-16 23:06:24] main.DEBUG: cache_invalidate:  {"method":"GET","url":"http:/","invalidateInfo":{"tags":["EAV"],"mode":"matchingAnyTag"}} []
[2023-04-16 23:06:24] main.DEBUG: cache_invalidate:  {"method":"GET","url":"http:/","invalidateInfo":{"tags":["EAV","EAV_ATTRIBUTE"],"mode":"matchingAnyTag"}} []
[2023-04-16 23:06:25] main.DEBUG: cache_invalidate:  {"method":"GET","url":"http:/","invalidateInfo":{"tags":["EAV","EAV_ATTRIBUTE"],"mode":"matchingAnyTag"}} []
[2023-04-16 23:06:25] main.DEBUG: cache_invalidate:  {"method":"GET","url":"http:/","invalidateInfo":{"tags":["EAV","EAV_ATTRIBUTE"],"mode":"matchingAnyTag"}} []
[2023-04-16 23:06:25] main.DEBUG: cache_invalidate:  {"method":"GET","url":"http:/","invalidateInfo":{"tags":["EAV","EAV_ATTRIBUTE"],"mode":"matchingAnyTag"}} []
[2023-04-16 23:06:25] main.DEBUG: cache_invalidate:  {"method":"GET","url":"http:/","invalidateInfo":{"tags":["EAV","EAV_ATTRIBUTE"],"mode":"matchingAnyTag"}} []
[2023-04-16 23:06:25] main.DEBUG: cache_invalidate:  {"method":"GET","url":"http:/","invalidateInfo":{"tags":["EAV","EAV_ATTRIBUTE"],"mode":"matchingAnyTag"}} []
[2023-04-16 23:06:25] main.DEBUG: cache_invalidate:  {"method":"GET","url":"http:/","invalidateInfo":{"tags":["EAV_ATTRIBUTE"],"mode":"matchingAnyTag"}} []
[2023-04-16 23:06:25] main.DEBUG: cache_invalidate:  {"method":"GET","url":"http:/","invalidateInfo":{"identifier":"request_declaration"}} []
[2023-04-16 23:06:25] main.DEBUG: cache_invalidate:  {"method":"GET","url":"http:/","invalidateInfo":{"identifier":"request_declaration"}} []
[2023-04-16 23:06:25] main.DEBUG: cache_invalidate:  {"method":"GET","url":"http:/","invalidateInfo":{"tags":["EAV","EAV_ATTRIBUTE"],"mode":"matchingAnyTag"}} []
[2023-04-16 23:06:25] main.DEBUG: cache_invalidate:  {"method":"GET","url":"http:/","invalidateInfo":{"tags":["EAV","EAV_ATTRIBUTE"],"mode":"matchingAnyTag"}} []
[2023-04-16 23:06:25] main.DEBUG: cache_invalidate:  {"method":"GET","url":"http:/","invalidateInfo":{"tags":["EAV_ATTRIBUTE"],"mode":"matchingAnyTag"}} []
[2023-04-16 23:06:25] main.DEBUG: cache_invalidate:  {"method":"GET","url":"http:/","invalidateInfo":{"identifier":"request_declaration"}} []
[2023-04-16 23:06:25] main.DEBUG: cache_invalidate:  {"method":"GET","url":"http:/","invalidateInfo":{"identifier":"request_declaration"}} []
[2023-04-16 23:06:25] main.DEBUG: cache_invalidate:  {"method":"GET","url":"http:/","invalidateInfo":{"tags":["config_scopes","CONFIG"],"mode":"matchingTag"}} []
[2023-04-16 23:06:26] main.DEBUG: cache_invalidate:  {"method":"GET","url":"http:/","invalidateInfo":{"tags":["cms_p"],"mode":"matchingAnyTag"}} []
[2023-04-16 23:06:27] main.DEBUG: Dotdigitalgroup_Email data installer {"type":"Dotdigitalgroup\\Email\\Setup\\Install\\Type\\InsertEmailContactTableCustomers","rows_affected":0} []
[2023-04-16 23:06:27] main.DEBUG: Dotdigitalgroup_Email data installer {"type":"Dotdigitalgroup\\Email\\Setup\\Install\\Type\\InsertEmailContactTableSubscribers","rows_affected":0} []
[2023-04-16 23:06:27] main.DEBUG: Dotdigitalgroup_Email data installer {"type":"Dotdigitalgroup\\Email\\Setup\\Install\\Type\\UpdateContactsWithSubscriberCustomers","rows_affected":0} []
[2023-04-16 23:06:27] main.DEBUG: Dotdigitalgroup_Email data installer {"type":"Dotdigitalgroup\\Email\\Setup\\Install\\Type\\InsertEmailOrderTable","rows_affected":0} []
[2023-04-16 23:06:27] main.DEBUG: Dotdigitalgroup_Email data installer {"type":"Dotdigitalgroup\\Email\\Setup\\Install\\Type\\InsertEmailReviewTable","rows_affected":0} []
[2023-04-16 23:06:27] main.DEBUG: Dotdigitalgroup_Email data installer {"type":"Dotdigitalgroup\\Email\\Setup\\Install\\Type\\InsertEmailWishlistTable","rows_affected":0} []
[2023-04-16 23:06:27] main.DEBUG: Dotdigitalgroup_Email data installer {"type":"Dotdigitalgroup\\Email\\Setup\\Install\\Type\\InsertEmailCatalogTable","rows_affected":0} []
[2023-04-16 23:06:27] main.DEBUG: cache_invalidate:  {"method":"GET","url":"http:/","invalidateInfo":{"tags":["config_scopes","CONFIG"],"mode":"matchingTag"}} []
[2023-04-16 23:06:27] main.DEBUG: cache_invalidate:  {"method":"GET","url":"http:/","invalidateInfo":{"tags":["config_scopes","CONFIG"],"mode":"matchingTag"}} []
[2023-04-16 23:06:27] main.DEBUG: cache_invalidate:  {"method":"GET","url":"http:/","invalidateInfo":{"tags":["config_scopes","CONFIG"],"mode":"matchingTag"}} []
[2023-04-16 23:06:27] main.DEBUG: cache_invalidate:  {"method":"GET","url":"http:/","invalidateInfo":{"tags":["config_scopes","CONFIG"],"mode":"matchingTag"}} []
[2023-04-16 23:06:28] main.DEBUG: cache_invalidate:  {"method":"GET","url":"http:/","invalidateInfo":{"identifier":"DB_PDO_MYSQL_DDL_design_config_grid_flat_1"}} []
[2023-04-16 23:06:28] main.DEBUG: cache_invalidate:  {"method":"GET","url":"http:/","invalidateInfo":{"identifier":"DB_PDO_MYSQL_DDL_design_config_grid_flat_2"}} []
[2023-04-16 23:06:28] main.DEBUG: cache_invalidate:  {"method":"GET","url":"http:/","invalidateInfo":{"identifier":"DB_PDO_MYSQL_DDL_design_config_grid_flat_3"}} []
[2023-04-16 23:06:28] main.DEBUG: cache_invalidate:  {"method":"GET","url":"http:/","invalidateInfo":{"identifier":"DB_PDO_MYSQL_DDL_design_config_grid_flat_4"}} []
[2023-04-16 23:06:28] main.DEBUG: cache_invalidate:  {"method":"GET","url":"http:/","invalidateInfo":{"identifier":"DB_PDO_MYSQL_DDL_design_config_grid_flat_5"}} []
[2023-04-16 23:06:29] main.DEBUG: cache_invalidate:  {"method":"GET","url":"http:/","invalidateInfo":{"identifier":"DB_PDO_MYSQL_DDL_customer_grid_flat_1"}} []
[2023-04-16 23:06:29] main.DEBUG: cache_invalidate:  {"method":"GET","url":"http:/","invalidateInfo":{"identifier":"DB_PDO_MYSQL_DDL_customer_grid_flat_2"}} []
[2023-04-16 23:06:29] main.DEBUG: cache_invalidate:  {"method":"GET","url":"http:/","invalidateInfo":{"identifier":"DB_PDO_MYSQL_DDL_customer_grid_flat_3"}} []
[2023-04-16 23:06:29] main.DEBUG: cache_invalidate:  {"method":"GET","url":"http:/","invalidateInfo":{"identifier":"DB_PDO_MYSQL_DDL_customer_grid_flat_4"}} []
[2023-04-16 23:06:29] main.DEBUG: cache_invalidate:  {"method":"GET","url":"http:/","invalidateInfo":{"identifier":"DB_PDO_MYSQL_DDL_customer_grid_flat_5"}} []
[2023-04-16 23:06:29] main.DEBUG: cache_invalidate:  {"method":"GET","url":"http:/","invalidateInfo":{"tags":["LAYOUT_GENERAL_CACHE_TAG"],"mode":"matchingTag"}} []
[2023-04-16 23:06:29] main.DEBUG: cache_invalidate:  {"method":"GET","url":"http:/","invalidateInfo":{"tags":["BLOCK_HTML"],"mode":"matchingTag"}} []
[2023-04-16 23:06:29] main.DEBUG: cache_invalidate:  {"method":"GET","url":"http:/","invalidateInfo":{"tags":["FPC"],"mode":"matchingTag"}} []
[2023-04-16 23:06:29] main.DEBUG: cache_invalidate:  {"method":"GET","url":"http:/","invalidateInfo":{"tags":["CONFIG"],"mode":"matchingTag"}} []
[2023-04-16 23:06:29] main.DEBUG: cache_invalidate:  {"method":"GET","url":"http:/","invalidateInfo":{"tags":["LAYOUT_GENERAL_CACHE_TAG"],"mode":"matchingTag"}} []
[2023-04-16 23:06:29] main.DEBUG: cache_invalidate:  {"method":"GET","url":"http:/","invalidateInfo":{"tags":["BLOCK_HTML"],"mode":"matchingTag"}} []
[2023-04-16 23:06:29] main.DEBUG: cache_invalidate:  {"method":"GET","url":"http:/","invalidateInfo":{"tags":["COLLECTION_DATA"],"mode":"matchingTag"}} []
[2023-04-16 23:06:29] main.DEBUG: cache_invalidate:  {"method":"GET","url":"http:/","invalidateInfo":{"tags":["REFLECTION"],"mode":"matchingTag"}} []
[2023-04-16 23:06:29] main.DEBUG: cache_invalidate:  {"method":"GET","url":"http:/","invalidateInfo":{"tags":["DB_DDL"],"mode":"matchingTag"}} []
[2023-04-16 23:06:29] main.DEBUG: cache_invalidate:  {"method":"GET","url":"http:/","invalidateInfo":{"tags":["COMPILED_CONFIG"],"mode":"matchingTag"}} []
[2023-04-16 23:06:29] main.DEBUG: cache_invalidate:  {"method":"GET","url":"http:/","invalidateInfo":{"tags":["EAV"],"mode":"matchingTag"}} []
[2023-04-16 23:06:29] main.DEBUG: cache_invalidate:  {"method":"GET","url":"http:/","invalidateInfo":{"tags":["CUSTOMER_NOTIFICATION"],"mode":"matchingTag"}} []
[2023-04-16 23:06:29] main.DEBUG: cache_invalidate:  {"method":"GET","url":"http:/","invalidateInfo":{"tags":["INTEGRATION"],"mode":"matchingTag"}} []
[2023-04-16 23:06:29] main.DEBUG: cache_invalidate:  {"method":"GET","url":"http:/","invalidateInfo":{"tags":["INTEGRATION_API_CONFIG"],"mode":"matchingTag"}} []
[2023-04-16 23:06:29] main.DEBUG: cache_invalidate:  {"method":"GET","url":"http:/","invalidateInfo":{"tags":["FPC"],"mode":"matchingTag"}} []
[2023-04-16 23:06:29] main.DEBUG: cache_invalidate:  {"method":"GET","url":"http:/","invalidateInfo":{"tags":["WEBSERVICE"],"mode":"matchingTag"}} []
[2023-04-16 23:06:29] main.DEBUG: cache_invalidate:  {"method":"GET","url":"http:/","invalidateInfo":{"tags":["TRANSLATE"],"mode":"matchingTag"}} []
[2023-04-16 23:06:29] main.DEBUG: cache_invalidate:  {"method":"GET","url":"http:/","invalidateInfo":{"tags":["VERTEX"],"mode":"matchingTag"}} []
[2023-04-16 23:06:52] main.DEBUG: cache_invalidate:  {"method":"GET","url":"http:/","invalidateInfo":{"tags":["config_scopes","CONFIG"],"mode":"matchingTag"}} []
[2023-04-16 23:06:53] main.DEBUG: cache_invalidate:  {"method":"GET","url":"http:/","invalidateInfo":{"tags":["LAYOUT_GENERAL_CACHE_TAG"],"mode":"matchingTag"}} []
[2023-04-16 23:06:53] main.DEBUG: cache_invalidate:  {"method":"GET","url":"http:/","invalidateInfo":{"tags":["BLOCK_HTML"],"mode":"matchingTag"}} []
[2023-04-16 23:06:53] main.DEBUG: cache_invalidate:  {"method":"GET","url":"http:/","invalidateInfo":{"tags":["FPC"],"mode":"matchingTag"}} []
[2023-04-16 23:06:53] main.DEBUG: cache_invalidate:  {"method":"GET","url":"http:/","invalidateInfo":{"tags":["CONFIG"],"mode":"matchingTag"}} []
[2023-04-16 23:06:53] main.DEBUG: cache_invalidate:  {"method":"GET","url":"http:/","invalidateInfo":{"tags":["LAYOUT_GENERAL_CACHE_TAG"],"mode":"matchingTag"}} []
[2023-04-16 23:06:53] main.DEBUG: cache_invalidate:  {"method":"GET","url":"http:/","invalidateInfo":{"tags":["BLOCK_HTML"],"mode":"matchingTag"}} []
[2023-04-16 23:06:53] main.DEBUG: cache_invalidate:  {"method":"GET","url":"http:/","invalidateInfo":{"tags":["COLLECTION_DATA"],"mode":"matchingTag"}} []
[2023-04-16 23:06:53] main.DEBUG: cache_invalidate:  {"method":"GET","url":"http:/","invalidateInfo":{"tags":["REFLECTION"],"mode":"matchingTag"}} []
[2023-04-16 23:06:53] main.DEBUG: cache_invalidate:  {"method":"GET","url":"http:/","invalidateInfo":{"tags":["DB_DDL"],"mode":"matchingTag"}} []
[2023-04-16 23:06:53] main.DEBUG: cache_invalidate:  {"method":"GET","url":"http:/","invalidateInfo":{"tags":["COMPILED_CONFIG"],"mode":"matchingTag"}} []
[2023-04-16 23:06:53] main.DEBUG: cache_invalidate:  {"method":"GET","url":"http:/","invalidateInfo":{"tags":["EAV"],"mode":"matchingTag"}} []
[2023-04-16 23:06:53] main.DEBUG: cache_invalidate:  {"method":"GET","url":"http:/","invalidateInfo":{"tags":["CUSTOMER_NOTIFICATION"],"mode":"matchingTag"}} []
[2023-04-16 23:06:53] main.DEBUG: cache_invalidate:  {"method":"GET","url":"http:/","invalidateInfo":{"tags":["INTEGRATION"],"mode":"matchingTag"}} []
[2023-04-16 23:06:53] main.DEBUG: cache_invalidate:  {"method":"GET","url":"http:/","invalidateInfo":{"tags":["INTEGRATION_API_CONFIG"],"mode":"matchingTag"}} []
[2023-04-16 23:06:53] main.DEBUG: cache_invalidate:  {"method":"GET","url":"http:/","invalidateInfo":{"tags":["FPC"],"mode":"matchingTag"}} []
[2023-04-16 23:06:53] main.DEBUG: cache_invalidate:  {"method":"GET","url":"http:/","invalidateInfo":{"tags":["WEBSERVICE"],"mode":"matchingTag"}} []
[2023-04-16 23:06:53] main.DEBUG: cache_invalidate:  {"method":"GET","url":"http:/","invalidateInfo":{"tags":["TRANSLATE"],"mode":"matchingTag"}} []
[2023-04-16 23:06:53] main.DEBUG: cache_invalidate:  {"method":"GET","url":"http:/","invalidateInfo":{"tags":["VERTEX"],"mode":"matchingTag"}} []
[2023-04-16 23:07:13] main.DEBUG: cache_invalidate:  {"method":"GET","url":"http:/","invalidateInfo":{"tags":["config_scopes","CONFIG"],"mode":"matchingTag"}} []
[2023-04-16 23:07:13] main.DEBUG: cache_invalidate:  {"method":"GET","url":"http:/","invalidateInfo":{"tags":["config_scopes","CONFIG"],"mode":"matchingTag"}} []
[2023-04-16 23:07:13] main.DEBUG: cache_invalidate:  {"method":"GET","url":"http:/","invalidateInfo":{"tags":["config_scopes","CONFIG"],"mode":"matchingTag"}} []
[2023-04-16 23:07:14] main.DEBUG: cache_invalidate:  {"method":"GET","url":"http:/","invalidateInfo":{"tags":["config_scopes","CONFIG"],"mode":"matchingTag"}} []
[2023-04-16 23:07:14] main.DEBUG: cache_invalidate:  {"method":"GET","url":"http:/","invalidateInfo":{"tags":["config_scopes","CONFIG"],"mode":"matchingTag"}} []
[2023-04-16 23:07:14] main.DEBUG: cache_invalidate:  {"method":"GET","url":"http:/","invalidateInfo":{"tags":["config_scopes","CONFIG"],"mode":"matchingTag"}} []
[2023-04-16 23:07:14] main.DEBUG: cache_invalidate:  {"method":"GET","url":"http:/","invalidateInfo":{"tags":["config_scopes","CONFIG"],"mode":"matchingTag"}} []
[2023-04-16 23:07:15] main.DEBUG: cache_invalidate:  {"method":"GET","url":"http:/","invalidateInfo":{"tags":["LAYOUT_GENERAL_CACHE_TAG"],"mode":"matchingTag"}} []
[2023-04-16 23:07:15] main.DEBUG: cache_invalidate:  {"method":"GET","url":"http:/","invalidateInfo":{"tags":["BLOCK_HTML"],"mode":"matchingTag"}} []
[2023-04-16 23:07:15] main.DEBUG: cache_invalidate:  {"method":"GET","url":"http:/","invalidateInfo":{"tags":["FPC"],"mode":"matchingTag"}} []
[2023-04-16 23:07:16] main.DEBUG: cache_invalidate:  {"method":"GET","url":"http:/","invalidateInfo":{"tags":["CONFIG"],"mode":"matchingTag"}} []
[2023-04-16 23:07:16] main.DEBUG: cache_invalidate:  {"method":"GET","url":"http:/","invalidateInfo":{"tags":["LAYOUT_GENERAL_CACHE_TAG"],"mode":"matchingTag"}} []
[2023-04-16 23:07:16] main.DEBUG: cache_invalidate:  {"method":"GET","url":"http:/","invalidateInfo":{"tags":["BLOCK_HTML"],"mode":"matchingTag"}} []
[2023-04-16 23:07:16] main.DEBUG: cache_invalidate:  {"method":"GET","url":"http:/","invalidateInfo":{"tags":["COLLECTION_DATA"],"mode":"matchingTag"}} []
[2023-04-16 23:07:16] main.DEBUG: cache_invalidate:  {"method":"GET","url":"http:/","invalidateInfo":{"tags":["REFLECTION"],"mode":"matchingTag"}} []
[2023-04-16 23:07:16] main.DEBUG: cache_invalidate:  {"method":"GET","url":"http:/","invalidateInfo":{"tags":["DB_DDL"],"mode":"matchingTag"}} []
[2023-04-16 23:07:16] main.DEBUG: cache_invalidate:  {"method":"GET","url":"http:/","invalidateInfo":{"tags":["COMPILED_CONFIG"],"mode":"matchingTag"}} []
[2023-04-16 23:07:16] main.DEBUG: cache_invalidate:  {"method":"GET","url":"http:/","invalidateInfo":{"tags":["EAV"],"mode":"matchingTag"}} []
[2023-04-16 23:07:16] main.DEBUG: cache_invalidate:  {"method":"GET","url":"http:/","invalidateInfo":{"tags":["CUSTOMER_NOTIFICATION"],"mode":"matchingTag"}} []
[2023-04-16 23:07:16] main.DEBUG: cache_invalidate:  {"method":"GET","url":"http:/","invalidateInfo":{"tags":["INTEGRATION"],"mode":"matchingTag"}} []
[2023-04-16 23:07:16] main.DEBUG: cache_invalidate:  {"method":"GET","url":"http:/","invalidateInfo":{"tags":["INTEGRATION_API_CONFIG"],"mode":"matchingTag"}} []
[2023-04-16 23:07:16] main.DEBUG: cache_invalidate:  {"method":"GET","url":"http:/","invalidateInfo":{"tags":["FPC"],"mode":"matchingTag"}} []
[2023-04-16 23:07:16] main.DEBUG: cache_invalidate:  {"method":"GET","url":"http:/","invalidateInfo":{"tags":["WEBSERVICE"],"mode":"matchingTag"}} []
[2023-04-16 23:07:16] main.DEBUG: cache_invalidate:  {"method":"GET","url":"http:/","invalidateInfo":{"tags":["TRANSLATE"],"mode":"matchingTag"}} []
[2023-04-16 23:07:16] main.DEBUG: cache_invalidate:  {"method":"GET","url":"http:/","invalidateInfo":{"tags":["VERTEX"],"mode":"matchingTag"}} []
[2023-04-16 23:09:42] main.DEBUG: cache_invalidate:  {"method":"POST","url":"https://demo.mageelite.com/admin_1ctpzm/admin/index/index/key/c650d798edcde9e58d976e92c861bcdcfcf4913ab0b17dd28a6286391e73a6fc/","invalidateInfo":{"tags":["BACKEND_MAINMENU"],"mode":"matchingAnyTag"}} []
[2023-04-16 23:09:46] main.CRITICAL: Unable to send mail: Unknown error {"exception":"[object] (Magento\\Framework\\Exception\\MailException(code: 0): Unable to send mail: Unknown error at /var/www/demo.mageelite.com/vendor/magento/module-email/Model/Transport.php:103, Laminas\\Mail\\Transport\\Exception\\RuntimeException(code: 0): Unable to send mail: Unknown error at /var/www/demo.mageelite.com/vendor/laminas/laminas-mail/src/Transport/Sendmail.php:298)"} []
[2023-04-16 23:15:01] main.CRITICAL: Unable to send mail: Unknown error {"exception":"[object] (Magento\\Framework\\Exception\\MailException(code: 0): Unable to send mail: Unknown error at /var/www/demo.mageelite.com/vendor/magento/module-email/Model/Transport.php:103, Laminas\\Mail\\Transport\\Exception\\RuntimeException(code: 0): Unable to send mail: Unknown error at /var/www/demo.mageelite.com/vendor/laminas/laminas-mail/src/Transport/Sendmail.php:298)"} []
[2023-04-16 23:15:11] main.DEBUG: cache_invalidate:  {"method":"GET","url":"http:/","invalidateInfo":{"tags":[],"mode":"all"}} []
[2023-04-16 23:15:11] main.DEBUG: cache_invalidate:  {"method":"GET","url":"http:/","invalidateInfo":{"tags":[],"mode":"all"}} []
[2023-04-16 23:15:22] main.INFO: Item Magento_Backend::system_currency was removed [] []
[2023-04-16 23:15:22] main.INFO: Add of item with id Magento_Theme::design_config was processed [] []
[2023-04-16 23:15:22] main.INFO: Add of item with id Magento_Theme::system_design_theme was processed [] []
[2023-04-16 23:15:22] main.INFO: Add of item with id Magento_Config::system_config was processed [] []
[2023-04-16 23:15:22] main.INFO: Add of item with id Magento_Backend::system_design_schedule was processed [] []
[2023-04-16 23:15:22] main.INFO: Add of item with id Magento_Backend::system_store was processed [] []
[2023-04-16 23:15:22] main.INFO: Add of item with id Magento_Backend::dashboard was processed [] []
[2023-04-16 23:15:22] main.INFO: Add of item with id Magento_Backend::system was processed [] []
[2023-04-16 23:15:22] main.INFO: Add of item with id Magento_Backend::system_tools was processed [] []
[2023-04-16 23:15:22] main.INFO: Add of item with id Magento_Backend::system_design was processed [] []
[2023-04-16 23:15:22] main.INFO: Add of item with id Magento_Backend::system_convert was processed [] []
[2023-04-16 23:15:22] main.INFO: Add of item with id Magento_Backend::system_cache was processed [] []
[2023-04-16 23:15:22] main.INFO: Add of item with id Magento_Backend::marketing was processed [] []
[2023-04-16 23:15:22] main.INFO: Add of item with id Magento_Backend::marketing_communications was processed [] []
[2023-04-16 23:15:22] main.INFO: Add of item with id Magento_Backend::marketing_seo was processed [] []
[2023-04-16 23:15:22] main.INFO: Add of item with id Magento_Backend::marketing_user_content was processed [] []
[2023-04-16 23:15:22] main.INFO: Add of item with id Magento_Backend::content was processed [] []
[2023-04-16 23:15:22] main.INFO: Add of item with id Magento_Backend::content_elements was processed [] []
[2023-04-16 23:15:22] main.INFO: Add of item with id Magento_Backend::stores was processed [] []
[2023-04-16 23:15:22] main.INFO: Add of item with id Magento_Backend::stores_settings was processed [] []
[2023-04-16 23:15:22] main.INFO: Add of item with id Magento_Backend::stores_attributes was processed [] []
[2023-04-16 23:15:22] main.INFO: Add of item with id Magento_Backend::other_settings was processed [] []
[2023-04-16 23:15:22] main.INFO: Add of item with id Magento_Backend::system_other_settings was processed [] []
[2023-04-16 23:15:22] main.INFO: Add of item with id Magento_Search::search_terms was processed [] []
[2023-04-16 23:15:22] main.INFO: Add of item with id Magento_Search::search_synonyms was processed [] []
[2023-04-16 23:15:22] main.INFO: Add of item with id Magento_Backup::system_tools_backup was processed [] []
[2023-04-16 23:15:22] main.INFO: Add of item with id Magento_Variable::system_variable was processed [] []
[2023-04-16 23:15:22] main.INFO: Add of item with id Magento_Customer::customer was processed [] []
[2023-04-16 23:15:22] main.INFO: Add of item with id Magento_Customer::customer_manage was processed [] []
[2023-04-16 23:15:22] main.INFO: Add of item with id Magento_Customer::customer_online was processed [] []
[2023-04-16 23:15:22] main.INFO: Add of item with id Magento_Customer::customer_group was processed [] []
[2023-04-16 23:15:22] main.INFO: Add of item with id Magento_AdminNotification::system_adminnotification was processed [] []
[2023-04-16 23:15:22] main.INFO: Add of item with id Magento_Indexer::system_index was processed [] []
[2023-04-16 23:15:22] main.INFO: Add of item with id Magento_Cms::cms_page was processed [] []
[2023-04-16 23:15:22] main.INFO: Add of item with id Magento_Cms::cms_block was processed [] []
[2023-04-16 23:15:22] main.INFO: Add of item with id Magento_Catalog::catalog was processed [] []
[2023-04-16 23:15:22] main.INFO: Add of item with id Magento_Catalog::catalog_products was processed [] []
[2023-04-16 23:15:22] main.INFO: Add of item with id Magento_Catalog::catalog_categories was processed [] []
[2023-04-16 23:15:22] main.INFO: Add of item with id Magento_Catalog::catalog_attributes_attributes was processed [] []
[2023-04-16 23:15:22] main.INFO: Add of item with id Magento_Catalog::catalog_attributes_sets was processed [] []
[2023-04-16 23:15:22] main.INFO: Add of item with id Magento_Catalog::inventory was processed [] []
[2023-04-16 23:15:22] main.INFO: Add of item with id Magento_CatalogRule::promo was processed [] []
[2023-04-16 23:15:22] main.INFO: Add of item with id Magento_CatalogRule::promo_catalog was processed [] []
[2023-04-16 23:15:22] main.INFO: Add of item with id Magento_Widget::cms_widget_instance was processed [] []
[2023-04-16 23:15:22] main.INFO: Add of item with id Magento_MediaGalleryUi::media was processed [] []
[2023-04-16 23:15:22] main.INFO: Add of item with id Magento_MediaGalleryUi::media_gallery was processed [] []
[2023-04-16 23:15:22] main.INFO: Add of item with id Magento_User::system_acl was processed [] []
[2023-04-16 23:15:22] main.INFO: Add of item with id Magento_User::system_acl_users was processed [] []
[2023-04-16 23:15:22] main.INFO: Add of item with id Magento_User::system_acl_roles was processed [] []
[2023-04-16 23:15:22] main.INFO: Add of item with id Magento_User::system_acl_locks was processed [] []
[2023-04-16 23:15:22] main.INFO: Add of item with id Magento_Sales::sales was processed [] []
[2023-04-16 23:15:22] main.INFO: Add of item with id Magento_Sales::sales_operation was processed [] []
[2023-04-16 23:15:22] main.INFO: Add of item with id Magento_Sales::sales_order was processed [] []
[2023-04-16 23:15:22] main.INFO: Add of item with id Magento_Sales::sales_invoice was processed [] []
[2023-04-16 23:15:22] main.INFO: Add of item with id Magento_Sales::sales_shipment was processed [] []
[2023-04-16 23:15:22] main.INFO: Add of item with id Magento_Sales::sales_creditmemo was processed [] []
[2023-04-16 23:15:22] main.INFO: Add of item with id Magento_Sales::sales_transactions was processed [] []
[2023-04-16 23:15:22] main.INFO: Add of item with id Magento_Sales::system_order_statuses was processed [] []
[2023-04-16 23:15:22] main.INFO: Add of item with id Magento_CurrencySymbol::system_currency was processed [] []
[2023-04-16 23:15:22] main.INFO: Add of item with id Magento_CurrencySymbol::system_currency_rates was processed [] []
[2023-04-16 23:15:22] main.INFO: Add of item with id Magento_CurrencySymbol::system_currency_symbols was processed [] []
[2023-04-16 23:15:22] main.INFO: Add of item with id Magento_Integration::system_extensions was processed [] []
[2023-04-16 23:15:22] main.INFO: Add of item with id Magento_Integration::system_integrations was processed [] []
[2023-04-16 23:15:22] main.INFO: Add of item with id Magento_Downloadable::report_products_downloads was processed [] []
[2023-04-16 23:15:22] main.INFO: Add of item with id Magento_ImportExport::system_convert_import was processed [] []
[2023-04-16 23:15:22] main.INFO: Add of item with id Magento_ImportExport::system_convert_export was processed [] []
[2023-04-16 23:15:22] main.INFO: Add of item with id Magento_ImportExport::system_convert_history was processed [] []
[2023-04-16 23:15:22] main.INFO: Add of item with id Magento_Email::template was processed [] []
[2023-04-16 23:15:22] main.INFO: Add of item with id Magento_EncryptionKey::system_crypt_key was processed [] []
[2023-04-16 23:15:22] main.INFO: Add of item with id Magento_Analytics::business_intelligence was processed [] []
[2023-04-16 23:15:22] main.INFO: Add of item with id Magento_Analytics::advanced_reporting was processed [] []
[2023-04-16 23:15:22] main.INFO: Add of item with id Magento_Analytics::bi_essentials was processed [] []
[2023-04-16 23:15:22] main.INFO: Add of item with id Magento_InventoryAdminUi::inventory was processed [] []
[2023-04-16 23:15:22] main.INFO: Add of item with id Magento_InventoryAdminUi::source was processed [] []
[2023-04-16 23:15:22] main.INFO: Add of item with id Magento_InventoryAdminUi::stock was processed [] []
[2023-04-16 23:15:22] main.INFO: Add of item with id Magento_Reports::report was processed [] []
[2023-04-16 23:15:22] main.INFO: Add of item with id Magento_Reports::report_marketing was processed [] []
[2023-04-16 23:15:22] main.INFO: Add of item with id Magento_Reports::report_salesroot was processed [] []
[2023-04-16 23:15:22] main.INFO: Add of item with id Magento_Reports::report_salesroot_sales was processed [] []
[2023-04-16 23:15:22] main.INFO: Add of item with id Magento_Reports::report_salesroot_tax was processed [] []
[2023-04-16 23:15:22] main.INFO: Add of item with id Magento_Reports::report_salesroot_invoiced was processed [] []
[2023-04-16 23:15:22] main.INFO: Add of item with id Magento_Reports::report_salesroot_shipping was processed [] []
[2023-04-16 23:15:22] main.INFO: Add of item with id Magento_Reports::report_salesroot_refunded was processed [] []
[2023-04-16 23:15:22] main.INFO: Add of item with id Magento_Reports::report_salesroot_coupons was processed [] []
[2023-04-16 23:15:22] main.INFO: Add of item with id Magento_Reports::report_shopcart_product was processed [] []
[2023-04-16 23:15:22] main.INFO: Add of item with id Magento_Reports::report_shopcart_abandoned was processed [] []
[2023-04-16 23:15:22] main.INFO: Add of item with id Magento_Reports::report_products was processed [] []
[2023-04-16 23:15:22] main.INFO: Add of item with id Magento_Reports::report_products_bestsellers was processed [] []
[2023-04-16 23:15:22] main.INFO: Add of item with id Magento_Reports::report_products_sold was processed [] []
[2023-04-16 23:15:22] main.INFO: Add of item with id Magento_Reports::report_products_viewed was processed [] []
[2023-04-16 23:15:22] main.INFO: Add of item with id Magento_Reports::report_products_lowstock was processed [] []
[2023-04-16 23:15:22] main.INFO: Add of item with id Magento_Reports::report_customers was processed [] []
[2023-04-16 23:15:22] main.INFO: Add of item with id Magento_Reports::report_customers_accounts was processed [] []
[2023-04-16 23:15:22] main.INFO: Add of item with id Magento_Reports::report_customers_totals was processed [] []
[2023-04-16 23:15:22] main.INFO: Add of item with id Magento_Reports::report_customers_orders was processed [] []
[2023-04-16 23:15:22] main.INFO: Add of item with id Magento_Reports::report_statistics was processed [] []
[2023-04-16 23:15:22] main.INFO: Add of item with id Magento_Reports::report_statistics_refresh was processed [] []
[2023-04-16 23:15:22] main.INFO: Add of item with id Magento_Search::report_search_term was processed [] []
[2023-04-16 23:15:22] main.INFO: Add of item with id Magento_LoginAsCustomerLog::login_log was processed [] []
[2023-04-16 23:15:22] main.INFO: Add of item with id Magento_Marketplace::partners was processed [] []
[2023-04-16 23:15:22] main.INFO: Add of item with id Magento_Newsletter::newsletter_template was processed [] []
[2023-04-16 23:15:22] main.INFO: Add of item with id Magento_Newsletter::newsletter_queue was processed [] []
[2023-04-16 23:15:22] main.INFO: Add of item with id Magento_Newsletter::newsletter_subscriber was processed [] []
[2023-04-16 23:15:22] main.INFO: Add of item with id Magento_Newsletter::newsletter_problem was processed [] []
[2023-04-16 23:15:22] main.INFO: Add of item with id Magento_SalesRule::promo_quote was processed [] []
[2023-04-16 23:15:22] main.INFO: Add of item with id Magento_Paypal::report_salesroot_paypal_settlement_reports was processed [] []
[2023-04-16 23:15:22] main.INFO: Add of item with id Magento_Paypal::paypal_billing_agreement was processed [] []
[2023-04-16 23:15:22] main.INFO: Add of item with id Magento_CheckoutAgreements::sales_checkoutagreement was processed [] []
[2023-04-16 23:15:22] main.INFO: Add of item with id Magento_Sitemap::catalog_sitemap was processed [] []
[2023-04-16 23:15:22] main.INFO: Add of item with id Magento_Review::catalog_reviews_ratings_ratings was processed [] []
[2023-04-16 23:15:22] main.INFO: Add of item with id Magento_Review::catalog_reviews_ratings_pending was processed [] []
[2023-04-16 23:15:22] main.INFO: Add of item with id Magento_Review::catalog_reviews_ratings_reviews_all was processed [] []
[2023-04-16 23:15:22] main.INFO: Add of item with id Magento_Review::report_review was processed [] []
[2023-04-16 23:15:22] main.INFO: Add of item with id Magento_Review::report_review_customer was processed [] []
[2023-04-16 23:15:22] main.INFO: Add of item with id Magento_Review::report_review_product was processed [] []
[2023-04-16 23:15:22] main.INFO: Add of item with id Magento_UrlRewrite::urlrewrite was processed [] []
[2023-04-16 23:15:22] main.INFO: Add of item with id Magento_Tax::sales_tax was processed [] []
[2023-04-16 23:15:22] main.INFO: Add of item with id Magento_Tax::sales_tax_rules was processed [] []
[2023-04-16 23:15:22] main.INFO: Add of item with id Magento_Tax::sales_tax_rates was processed [] []
[2023-04-16 23:15:22] main.INFO: Add of item with id Magento_TaxImportExport::system_convert_tax was processed [] []
[2023-04-16 23:15:22] main.INFO: Add of item with id Magento_AsynchronousOperations::system_magento_logging was processed [] []
[2023-04-16 23:15:22] main.INFO: Add of item with id Magento_AsynchronousOperations::system_magento_logging_bulk_operations was processed [] []
[2023-04-16 23:15:22] main.INFO: Add of item with id Dotdigitalgroup_Email::marketing_automation was processed [] []
[2023-04-16 23:15:22] main.INFO: Add of item with id Dotdigitalgroup_Email::automation_studio was processed [] []
[2023-04-16 23:15:22] main.INFO: Add of item with id Dotdigitalgroup_Email::exclusion_rules was processed [] []
[2023-04-16 23:15:22] main.INFO: Add of item with id Dotdigitalgroup_Email::marketing_automation_report was processed [] []
[2023-04-16 23:15:22] main.INFO: Add of item with id Dotdigitalgroup_Email::dashboards was processed [] []
[2023-04-16 23:15:22] main.INFO: Add of item with id Dotdigitalgroup_Email::importer was processed [] []
[2023-04-16 23:15:22] main.INFO: Add of item with id Dotdigitalgroup_Email::automation was processed [] []
[2023-04-16 23:15:22] main.INFO: Add of item with id Dotdigitalgroup_Email::campaign was processed [] []
[2023-04-16 23:15:22] main.INFO: Add of item with id Dotdigitalgroup_Email::cron was processed [] []
[2023-04-16 23:15:22] main.INFO: Add of item with id Dotdigitalgroup_Email::logviewer was processed [] []
[2023-04-16 23:15:22] main.INFO: Add of item with id Dotdigitalgroup_Email::abandoned was processed [] []
[2023-04-16 23:15:22] main.INFO: Add of item with id Dotdigitalgroup_Chat::config was processed [] []
[2023-04-16 23:15:22] main.INFO: Add of item with id Dotdigitalgroup_Sms::messages was processed [] []
[2023-04-16 23:15:22] main.INFO: Add of item with id PayPal_Braintree::settlement_report was processed [] []
[2023-04-16 23:15:22] main.INFO: Add of item with id PayPal_Braintree::virtual_terminal was processed [] []
[2023-04-16 23:15:22] main.INFO: Add of item with id Yotpo_Yotpo::yotpo_report_reviews was processed [] []
[2023-04-16 23:15:22] main.INFO: Add of item with id Yotpo_Yotpo::yotpo_reviews_external was processed [] []
[2023-04-16 23:15:22] main.INFO: Add of item with id Yotpo_Yotpo::yotpo_analytics_external was processed [] []
[2023-04-16 23:15:22] main.DEBUG: Request validation failed for action "Magento\Framework\App\Action\Forward\Interceptor" {"exception":"[object] (Magento\\Framework\\App\\Request\\InvalidRequestException(code: 0): Invalid request received at /var/www/demo.mageelite.com/vendor/magento/module-backend/App/Request/BackendValidator.php:152)"} []
